2024-09-07 00:32:25 INFO  TC01_RegisterTest:19 - **********The Test Started*********** 
2024-09-07 00:32:27 INFO  TC01_RegisterTest:29 - The First Name Entered Successfully
2024-09-07 00:32:27 INFO  TC01_RegisterTest:31 - The last Name Entered Successfully
2024-09-07 00:32:28 INFO  TC01_RegisterTest:48 - The Assertion Passed
2024-09-07 00:32:28 INFO  TC01_RegisterTest:64 - ***** Finished TC001_AccountRegistrationTest *****
2024-09-07 00:32:33 INFO  TC02_LoginTest:18 - **************The Login test Started 
2024-09-07 00:32:35 INFO  TC02_LoginTest:34 - **************The Login Test Completed 
2024-09-07 01:11:05 INFO  TC01_RegisterTest:19 - **********The Test Started*********** 
2024-09-07 01:11:06 INFO  TC01_RegisterTest:29 - The First Name Entered Successfully
2024-09-07 01:11:07 INFO  TC01_RegisterTest:31 - The last Name Entered Successfully
2024-09-07 01:11:08 INFO  TC01_RegisterTest:48 - The Assertion Passed
2024-09-07 01:11:08 INFO  TC01_RegisterTest:64 - ***** Finished TC001_AccountRegistrationTest *****
2024-09-07 01:11:13 INFO  TC02_LoginTest:18 - **************The Login test Started 
2024-09-07 01:11:14 INFO  TC02_LoginTest:34 - **************The Login Test Completed 
2024-09-07 01:18:23 INFO  TC01_RegisterTest:19 - **********The Test Started*********** 
2024-09-07 01:18:24 INFO  TC01_RegisterTest:29 - The First Name Entered Successfully
2024-09-07 01:18:24 INFO  TC01_RegisterTest:31 - The last Name Entered Successfully
2024-09-07 01:18:26 INFO  TC01_RegisterTest:48 - The Assertion Passed
2024-09-07 01:18:26 INFO  TC01_RegisterTest:64 - ***** Finished TC001_AccountRegistrationTest *****
2024-09-07 01:18:31 INFO  TC02_LoginTest:18 - **************The Login test Started 
2024-09-07 01:18:33 INFO  TC02_LoginTest:34 - **************The Login Test Completed 
